[00:00:29] cron: cool-watch triggered
[00:00:40] cron-result: cool-watch → ok (exit 0)
[00:00:40] cron-stdout: cool-watch: Running COOL scan...
Scan #43: 6 courses, 11 assignments, 118 files
--- No changes since last scan ---

Checking announcements...

Checking submissions...

State saved to /Users/ydwu/.aide/instances/ntu.yiidtw/cognition/cool-watch-state.json
Registry: 4 subscribers loaded
  EE5122 (cool_id=57171) → yiidtw/aide-ee5122-formal
  EEE5023 (cool_id=61236) → yiidtw/aide-eee5023-socv
  EEE5072 (cool_id=60106) → yiidtw/aide-ee5072-rl
  EE5184 (cool_id=59878) → yiidtw/aide-ee5184-ml
[02:56:05] telegram: bot started
[02:58:23] telegram: bot started
[03:05:38] github-comment: #3 by yiidtw — I can't grant permissions myself — you need to approve the `mcp__aide__aide_list` tool call when the...
[03:06:04] github-comment-result: #3/4100679172 → ok
[03:06:10] github-comment: #3 by yiidtw — No `EXEC:` — correct. The query is about aide infrastructure, not NTU coursework or mail, so no skil...
[03:06:21] github-comment-result: #3/4100688274 → ok
[03:06:27] github-comment: #3 by yiidtw — 

understood — this looks like a smoke test validating the occupation/cognition pipeline. No NTU ski...
[03:06:37] github-comment-result: #3/4100707906 → ok
