[00:00:17] cron: cool-watch triggered
[00:00:37] cron-result: cool-watch → ok (exit 0)
[00:00:37] cron-stdout: cool-watch: Running COOL scan...
Scan #66: 6 courses, 11 assignments, 123 files
--- No changes since last scan ---

Checking announcements...

Checking submissions...

State saved to /Users/ydwu/.aide/instances/ntu.yiidtw/cognition/cool-watch-state.json
Registry fallback: 4 subscribers loaded

── Handshake: checking 4 pending acks ──
  ⏳ PENDING: yiidtw/aide-ee5072-rl#3 — waiting (16.0h)
  ⏳ PENDING: yiidtw/aide-ee5072-rl#4 — waiting (16.0h)
  ⏳ PENDING: yiidtw/aide-ee5072-rl#5 — waiting (16.0h)
  ⏳ PENDING: yiidtw/aide-ee5072-rl#6 — waiting (16.0h)
  ── pending=4 resolved=0
[04:00:17] cron: cool-watch triggered
[04:00:35] cron-result: cool-watch → ok (exit 0)
[04:00:35] cron-stdout: cool-watch: Running COOL scan...
Scan #67: 6 courses, 11 assignments, 123 files
--- No changes since last scan ---

Checking announcements...

Checking submissions...

State saved to /Users/ydwu/.aide/instances/ntu.yiidtw/cognition/cool-watch-state.json
Registry fallback: 4 subscribers loaded

── Handshake: checking 4 pending acks ──
  ⏳ PENDING: yiidtw/aide-ee5072-rl#3 — waiting (20.0h)
  ⏳ PENDING: yiidtw/aide-ee5072-rl#4 — waiting (20.0h)
  ⏳ PENDING: yiidtw/aide-ee5072-rl#5 — waiting (20.0h)
  ⏳ PENDING: yiidtw/aide-ee5072-rl#6 — waiting (20.0h)
  ── pending=4 resolved=0
[08:00:53] cron: cool-watch triggered
[08:01:09] cron-result: cool-watch → ok (exit 0)
[08:01:09] cron-stdout: cool-watch: Running COOL scan...
Scan #68: 6 courses, 11 assignments, 123 files
--- No changes since last scan ---

Checking announcements...

Checking submissions...

State saved to /Users/ydwu/.aide/instances/ntu.yiidtw/cognition/cool-watch-state.json
Registry fallback: 4 subscribers loaded

── Handshake: checking 4 pending acks ──
  ✗ TIMEOUT: yiidtw/aide-ee5072-rl#3 — no ack after 24h
  ✗ TIMEOUT: yiidtw/aide-ee5072-rl#4 — no ack after 24h
  ✗ TIMEOUT: yiidtw/aide-ee5072-rl#5 — no ack after 24h
  ✗ TIMEOUT: yiidtw/aide-ee5072-rl#6 — no ack after 24h
  ── pending=0 resolved=4
