[00:00:22] cron: cool-watch triggered
[00:00:34] cron-result: cool-watch → ok (exit 0)
[00:00:34] cron-stdout: cool-watch: Running COOL scan...
Scan #20: 6 courses, 10 assignments, 105 files
--- No changes since last scan ---

Checking announcements...

Checking submissions...

State saved to /Users/ydwu/.aide/instances/ntu.yiidtw/cognition/cool-watch-state.json
[04:00:22] cron: cool-watch triggered
[04:00:37] cron-result: cool-watch → ok (exit 0)
[04:00:37] cron-stdout: cool-watch: Running COOL scan...
Scan #21: 6 courses, 11 assignments, 107 files
--- Changes since 2026-03-30 00:00:24 ---
  New/changed files (3):
    正規方法 (EE5122): 2026-03-24_FM_lecture_05_exercise_sheet.pdf
    正規方法 (EE5122): 2026-03-24_FM_lecture_05_exercise_solutions.pdf
    專題演講二 (EEE7004): 114-2 專題演講出缺席.docx
  Changed assignments (1):
    專題演講二 (EEE7004): 3/30 心得或筆記 [no due] — not submitted

Checking announcements...

Checking submissions...

State saved to /Users/ydwu/.aide/instances/ntu.yiidtw/cogn
[08:00:22] cron: cool-watch triggered
[08:05:28] cron-result: cool-watch → fail (exit 1)
[08:05:28] cron-stdout: cool-watch: Running COOL scan...
Scan #22: 6 courses, 11 assignments, 109 files
--- Changes since 2026-03-30 04:00:24 ---
  New/changed files (2):
    機器學習 (EE5184): pos (v5) .pdf
    機器學習 (EE5184): pos (v5) .pptx

Checking announcements...
[12:00:22] cron: cool-watch triggered
[12:00:43] cron-result: cool-watch → ok (exit 0)
[12:00:43] cron-stdout: cool-watch: Running COOL scan...
Scan #23: 6 courses, 11 assignments, 109 files
--- Changes since 2026-03-30 08:00:23 ---
  Changed assignments (1):
    機器學習 (EE5184): HW1 [2026-03-26 15:59] — submitted (10)

Checking announcements...

Checking submissions...

State saved to /Users/ydwu/.aide/instances/ntu.yiidtw/cognition/cool-watch-state.json
NEW ANNOUNCEMENT: [EE5184] [ML HW1 成績公布] (2026-03-30) → yiidtw/ee5184-ml-2026-note
NEW ANNOUNCEMENT: [EE5184] Week 5公告 (Week 5 Announcement) (2026-03-30) → yiidtw/ee
[16:00:22] cron: cool-watch triggered
[16:00:37] cron-result: cool-watch → ok (exit 0)
[16:00:37] cron-stdout: cool-watch: Running COOL scan...
Scan #24: 6 courses, 11 assignments, 114 files
--- Changes since 2026-03-30 12:00:23 ---
  New/changed files (6):
    專題演講二 (EEE7004): Proposal Form_2026 TSMC Domestic University JDP_HUONG_Aug18.pdf
    專題演講二 (EEE7004): NTU_UT_confirm.pdf
    專題演講二 (EEE7004): SEM SOP_new.pdf
    專題演講二 (EEE7004): p-GaN HEMT manuscript_TED_2.pdf
    專題演講二 (EEE7004): 20260330 優秀心得.pdf
    專題演講二 (EEE7004): 114-2 專題演講出缺席.docx

Checking announcements...

Checking submissions...

State saved to /Us
[20:00:22] cron: cool-watch triggered
[20:00:38] cron-result: cool-watch → ok (exit 0)
[20:00:38] cron-stdout: cool-watch: Running COOL scan...
Scan #25: 6 courses, 11 assignments, 114 files
--- No changes since last scan ---

Checking announcements...

Checking submissions...

State saved to /Users/ydwu/.aide/instances/ntu.yiidtw/cognition/cool-watch-state.json
[20:55:29] doctor: readiness check
[21:04:56] doctor: readiness check
