[12:00:09] cron: cool-watch triggered
[12:00:19] cron-result: cool-watch → ok (exit 0)
[12:00:19] cron-stdout: cool-watch: Running COOL scan...
Scan #14: 6 courses, 10 assignments, 105 files
--- No changes since last scan ---

Checking announcements...

Checking submissions...

State saved to /Users/ydwu/.aide/instances/ntu.yiidtw/cognition/cool-watch-state.json
[16:00:09] cron: cool-watch triggered
[16:00:26] cron-result: cool-watch → ok (exit 0)
[16:00:26] cron-stdout: cool-watch: Running COOL scan...
Scan #17: 6 courses, 10 assignments, 105 files
--- Changes since 2026-03-29 13:20:14 ---
  Changed assignments (1):
    機器學習 (EE5184): HW4 [2026-04-16 15:59] — submitted (?)

Checking announcements...

Checking submissions...

State saved to /Users/ydwu/.aide/instances/ntu.yiidtw/cognition/cool-watch-state.json
[20:00:21] cron: cool-watch triggered
[20:00:36] cron-result: cool-watch → ok (exit 0)
[20:00:36] cron-stdout: cool-watch: Running COOL scan...
Scan #18: 6 courses, 10 assignments, 105 files
--- No changes since last scan ---

Checking announcements...

Checking submissions...

State saved to /Users/ydwu/.aide/instances/ntu.yiidtw/cognition/cool-watch-state.json
[23:00:21] cron: briefing triggered
[23:00:40] cron-result: briefing → ok (exit 0)
[23:00:40] cron-stdout: briefing: Generating daily briefing for yiidtw@gmail.com...
Briefing sent to yiidtw@gmail.com from yiidtw.ntu@aide.sh
