[00:00:22] cron: cool-watch triggered
[00:00:33] cron-result: cool-watch → ok (exit 0)
[00:00:33] cron-stdout: cool-watch: Running COOL scan...
Scan #31: 6 courses, 11 assignments, 114 files
--- No changes since last scan ---

Checking announcements...

Checking submissions...

State saved to /Users/ydwu/.aide/instances/ntu.yiidtw/cognition/cool-watch-state.json
Registry: 4 subscribers loaded
  EE5122 (cool_id=57171) → yiidtw/aide-ee5122-formal
  EEE5023 (cool_id=61236) → yiidtw/aide-eee5023-socv
  EEE5072 (cool_id=60106) → yiidtw/aide-ee5072-rl
  EE5184 (cool_id=59878) → yiidtw/aide-ee5184-ml
[04:00:26] cron: cool-watch triggered
[04:00:37] cron-result: cool-watch → ok (exit 0)
[04:00:37] cron-stdout: cool-watch: Running COOL scan...
Scan #32: 6 courses, 11 assignments, 114 files
--- No changes since last scan ---

Checking announcements...

Checking submissions...

State saved to /Users/ydwu/.aide/instances/ntu.yiidtw/cognition/cool-watch-state.json
Registry: 4 subscribers loaded
  EE5122 (cool_id=57171) → yiidtw/aide-ee5122-formal
  EEE5023 (cool_id=61236) → yiidtw/aide-eee5023-socv
  EEE5072 (cool_id=60106) → yiidtw/aide-ee5072-rl
  EE5184 (cool_id=59878) → yiidtw/aide-ee5184-ml
[08:00:28] cron: cool-watch triggered
[08:00:43] cron-result: cool-watch → ok (exit 0)
[08:00:43] cron-stdout: cool-watch: Running COOL scan...
Scan #33: 6 courses, 11 assignments, 118 files
--- Changes since 2026-03-31 04:00:28 ---
  New/changed files (5):
    正規方法 (EE5122): 2026-03-31_FM_04_CPA_SP_updated.pdf
    正規方法 (EE5122): 2026-03-31_FM_05_Predicate_updated.pdf
    正規方法 (EE5122): 2026-03-31_FM_06_exercise_sheet.pdf
    正規方法 (EE5122): 2026-03-31_FM_06_CEGAR.pdf
    專題演講二 (EEE7004): 114-2 專題演講出缺席.docx

Checking announcements...

Checking submissions...

State saved to /Users/ydwu/.aide/instances/ntu.yiidtw/cogn
[12:00:29] cron: cool-watch triggered
[12:00:41] cron-result: cool-watch → ok (exit 0)
[12:00:41] cron-stdout: cool-watch: Running COOL scan...
Scan #34: 6 courses, 11 assignments, 118 files
--- No changes since last scan ---

Checking announcements...

Checking submissions...

State saved to /Users/ydwu/.aide/instances/ntu.yiidtw/cognition/cool-watch-state.json
Registry: 4 subscribers loaded
  EE5122 (cool_id=57171) → yiidtw/aide-ee5122-formal
  EEE5023 (cool_id=61236) → yiidtw/aide-eee5023-socv
  EEE5072 (cool_id=60106) → yiidtw/aide-ee5072-rl
  EE5184 (cool_id=59878) → yiidtw/aide-ee5184-ml
[16:00:26] cron: cool-watch triggered
[16:00:40] cron-result: cool-watch → ok (exit 0)
[16:00:40] cron-stdout: cool-watch: Running COOL scan...
Scan #35: 6 courses, 11 assignments, 118 files
--- No changes since last scan ---

Checking announcements...

Checking submissions...

State saved to /Users/ydwu/.aide/instances/ntu.yiidtw/cognition/cool-watch-state.json
Registry: 4 subscribers loaded
  EE5122 (cool_id=57171) → yiidtw/aide-ee5122-formal
  EEE5023 (cool_id=61236) → yiidtw/aide-eee5023-socv
  EEE5072 (cool_id=60106) → yiidtw/aide-ee5072-rl
  EE5184 (cool_id=59878) → yiidtw/aide-ee5184-ml
[16:46:40] exec: cool-watch --dry-run
[16:46:50] exec-result: cool-watch --dry-run → ok (exit 0)
[16:47:28] exec: cool-watch --dry-run
[16:47:40] exec-result: cool-watch --dry-run → ok (exit 0)
[16:48:20] exec: cool-watch --dry-run
[16:48:33] exec-result: cool-watch --dry-run → ok (exit 0)
[19:23:41] telegram: bot started
[19:31:52] github-comment: #4 by yiidtw — Based on the code and hostname, here's the ack:

🤖 **ntu.yiidtw(Mac.hitronhub.home:52c9)**

Format c...
[19:32:20] github-comment-result: #4/4100882630 → ok
[19:32:38] github-comment: #4 by yiidtw — Got it — the agent identity format is `agent_name(hostname:uuid_prefix)`, where `uuid_prefix` is the...
[19:33:25] github-comment-result: #4/4100883650 → ok
[19:33:31] github-comment: #4 by yiidtw — Confirmed. The format is exactly as you described:

- **Identity**: `agent_name(hostname:uuid_prefix...
[19:33:40] github-comment-result: #4/4100896236 → ok
[19:33:46] github-comment: #4 by yiidtw — Got it — the ack format `agent_name(hostname:uuid_prefix)` looks correct. The `52c9` prefix maps to ...
[19:33:57] github-comment-result: #4/4100940334 → ok
[19:34:04] github-comment: #4 by yiidtw — Confirmed from the source code at `src/agents/instance.rs`:

- **UUID**: generated at spawn time as ...
[19:34:37] github-comment-result: #4/4100943923 → ok
[19:34:43] github-comment: #3 by yiidtw — I can't grant permissions myself — you need to approve the `mcp__aide__aide_list` tool call when the...
[19:35:12] github-comment-result: #3/4100679172 → ok
[19:35:19] github-comment: #3 by yiidtw — No `EXEC:` — correct. The query is about aide infrastructure, not NTU coursework or mail, so no skil...
[19:35:57] github-comment-result: #3/4100688274 → ok
[19:36:03] github-comment: #3 by yiidtw — 

understood — this looks like a smoke test validating the occupation/cognition pipeline. No NTU ski...
[19:36:12] github-comment-result: #3/4100707906 → ok
[19:36:18] github-comment: #3 by yiidtw — Correct — no skill matched, no `EXEC:` issued. Routing logic confirmed working on the no-op path.

[19:46:44] github-comment-result: #3/4100728775 → ok
